# JRE version: Java(TM) SE Runtime Environment (8.0_121-b13) (build 1.8.0_121-b13)
# Java VM: Java HotSpot(TM) 64-Bit Server VM (25.121-b13 mixed mode windows-amd64 compressed oops)
Heap:
 PSYoungGen      total 64000K, used 21949K [0x000000076b580000, 0x000000076fb00000, 0x00000007c0000000)
  eden space 57856K, 35% used [0x000000076b580000,0x000000076c9b7670,0x000000076ee00000)
  from space 6144K, 20% used [0x000000076f500000,0x000000076f638000,0x000000076fb00000)
  to   space 6656K, 0% used [0x000000076ee00000,0x000000076ee00000,0x000000076f480000)
 ParOldGen       total 173568K, used 1934K [0x00000006c2000000, 0x00000006cc980000, 0x000000076b580000)
  object space 173568K, 1% used [0x00000006c2000000,0x00000006c21e3a80,0x00000006cc980000)
 Metaspace       used 10606K, capacity 10766K, committed 11008K, reserved 1058816K
  class space    used 1126K, capacity 1185K, committed 1280K, reserved 1048576K
GC Heap History (10 events):
Event: 90.841 GC heap before
{Heap before GC invocations=6 (full 0):
 PSYoungGen      total 68608K, used 68104K [0x000000076b580000, 0x0000000770080000, 0x00000007c0000000)
  eden space 63488K, 100% used [0x000000076b580000,0x000000076f380000,0x000000076f380000)
  from space 5120K, 90% used [0x000000076f500000,0x000000076f9822d0,0x000000076fa00000)
  to   space 6656K, 0% used [0x000000076fa00000,0x000000076fa00000,0x0000000770080000)
 ParOldGen       total 173568K, used 40K [0x00000006c2000000, 0x00000006cc980000, 0x000000076b580000)
  object space 173568K, 0% used [0x00000006c2000000,0x00000006c200a000,0x00000006cc980000)
 Metaspace       used 10488K, capacity 10638K, committed 10752K, reserved 1058816K
  class space    used 1126K, capacity 1185K, committed 1280K, reserved 1048576K
Event: 90.844 GC heap after
Heap after GC invocations=6 (full 0):
 PSYoungGen      total 66560K, used 4568K [0x000000076b580000, 0x000000076fe80000, 0x00000007c0000000)
  eden space 61952K, 0% used [0x000000076b580000,0x000000076b580000,0x000000076f200000)
  from space 4608K, 99% used [0x000000076fa00000,0x000000076fe762e0,0x000000076fe80000)
  to   space 6144K, 0% used [0x000000076f280000,0x000000076f280000,0x000000076f880000)
 ParOldGen       total 173568K, used 48K [0x00000006c2000000, 0x00000006cc980000, 0x000000076b580000)
  object space 173568K, 0% used [0x00000006c2000000,0x00000006c200c000,0x00000006cc980000)
 Metaspace       used 10488K, capacity 10638K, committed 10752K, reserved 1058816K
  class space    used 1126K, capacity 1185K, committed 1280K, reserved 1048576K
}
Event: 105.923 GC heap before
{Heap before GC invocations=7 (full 0):
 PSYoungGen      total 66560K, used 66520K [0x000000076b580000, 0x000000076fe80000, 0x00000007c0000000)
  eden space 61952K, 100% used [0x000000076b580000,0x000000076f200000,0x000000076f200000)
  from space 4608K, 99% used [0x000000076fa00000,0x000000076fe762e0,0x000000076fe80000)
  to   space 6144K, 0% used [0x000000076f280000,0x000000076f280000,0x000000076f880000)
 ParOldGen       total 173568K, used 48K [0x00000006c2000000, 0x00000006cc980000, 0x000000076b580000)
  object space 173568K, 0% used [0x00000006c2000000,0x00000006c200c000,0x00000006cc980000)
 Metaspace       used 10495K, capacity 10638K, committed 10752K, reserved 1058816K
  class space    used 1126K, capacity 1185K, committed 1280K, reserved 1048576K
Event: 105.929 GC heap after
Heap after GC invocations=7 (full 0):
 PSYoungGen      total 65536K, used 4225K [0x000000076b580000, 0x000000076fd00000, 0x00000007c0000000)
  eden space 60928K, 0% used [0x000000076b580000,0x000000076b580000,0x000000076f100000)
  from space 4608K, 91% used [0x000000076f280000,0x000000076f6a0580,0x000000076f700000)
  to   space 6144K, 0% used [0x000000076f700000,0x000000076f700000,0x000000076fd00000)
 ParOldGen       total 173568K, used 1886K [0x00000006c2000000, 0x00000006cc980000, 0x000000076b580000)
  object space 173568K, 1% used [0x00000006c2000000,0x00000006c21d7a80,0x00000006cc980000)
 Metaspace       used 10495K, capacity 10638K, committed 10752K, reserved 1058816K
  class space    used 1126K, capacity 1185K, committed 1280K, reserved 1048576K
}
Event: 122.031 GC heap before
{Heap before GC invocations=8 (full 0):
 PSYoungGen      total 65536K, used 65153K [0x000000076b580000, 0x000000076fd00000, 0x00000007c0000000)
  eden space 60928K, 100% used [0x000000076b580000,0x000000076f100000,0x000000076f100000)
  from space 4608K, 91% used [0x000000076f280000,0x000000076f6a0580,0x000000076f700000)
  to   space 6144K, 0% used [0x000000076f700000,0x000000076f700000,0x000000076fd00000)
 ParOldGen       total 173568K, used 1886K [0x00000006c2000000, 0x00000006cc980000, 0x000000076b580000)
  object space 173568K, 1% used [0x00000006c2000000,0x00000006c21d7a80,0x00000006cc980000)
 Metaspace       used 10530K, capacity 10702K, committed 11008K, reserved 1058816K
  class space    used 1126K, capacity 1185K, committed 1280K, reserved 1048576K
Event: 122.033 GC heap after
Heap after GC invocations=8 (full 0):
 PSYoungGen      total 66048K, used 2736K [0x000000076b580000, 0x000000076fd00000, 0x00000007c0000000)
  eden space 59904K, 0% used [0x000000076b580000,0x000000076b580000,0x000000076f000000)
  from space 6144K, 44% used [0x000000076f700000,0x000000076f9ac2c0,0x000000076fd00000)
  to   space 6656K, 0% used [0x000000076f000000,0x000000076f000000,0x000000076f680000)
 ParOldGen       total 173568K, used 1902K [0x00000006c2000000, 0x00000006cc980000, 0x000000076b580000)
  object space 173568K, 1% used [0x00000006c2000000,0x00000006c21dba80,0x00000006cc980000)
 Metaspace       used 10530K, capacity 10702K, committed 11008K, reserved 1058816K
  class space    used 1126K, capacity 1185K, committed 1280K, reserved 1048576K
}
Event: 136.506 GC heap before
{Heap before GC invocations=9 (full 0):
 PSYoungGen      total 66048K, used 62640K [0x000000076b580000, 0x000000076fd00000, 0x00000007c0000000)
  eden space 59904K, 100% used [0x000000076b580000,0x000000076f000000,0x000000076f000000)
  from space 6144K, 44% used [0x000000076f700000,0x000000076f9ac2c0,0x000000076fd00000)
  to   space 6656K, 0% used [0x000000076f000000,0x000000076f000000,0x000000076f680000)
 ParOldGen       total 173568K, used 1902K [0x00000006c2000000, 0x00000006cc980000, 0x000000076b580000)
  object space 173568K, 1% used [0x00000006c2000000,0x00000006c21dba80,0x00000006cc980000)
 Metaspace       used 10594K, capacity 10766K, committed 11008K, reserved 1058816K
  class space    used 1126K, capacity 1185K, committed 1280K, reserved 1048576K
Event: 136.509 GC heap after
Heap after GC invocations=9 (full 0):
 PSYoungGen      total 63488K, used 4193K [0x000000076b580000, 0x000000076fb00000, 0x00000007c0000000)
  eden space 58880K, 0% used [0x000000076b580000,0x000000076b580000,0x000000076ef00000)
  from space 4608K, 91% used [0x000000076f000000,0x000000076f418580,0x000000076f480000)
  to   space 6144K, 0% used [0x000000076f500000,0x000000076f500000,0x000000076fb00000)
 ParOldGen       total 173568K, used 1918K [0x00000006c2000000, 0x00000006cc980000, 0x000000076b580000)
  object space 173568K, 1% used [0x00000006c2000000,0x00000006c21dfa80,0x00000006cc980000)
 Metaspace       used 10594K, capacity 10766K, committed 11008K, reserved 1058816K
  class space    used 1126K, capacity 1185K, committed 1280K, reserved 1048576K
}
Event: 152.657 GC heap before
{Heap before GC invocations=10 (full 0):
 PSYoungGen      total 63488K, used 62072K [0x000000076b580000, 0x000000076fb00000, 0x00000007c0000000)
  eden space 58880K, 98% used [0x000000076b580000,0x000000076ee05d00,0x000000076ef00000)
  from space 4608K, 91% used [0x000000076f000000,0x000000076f418580,0x000000076f480000)
  to   space 6144K, 0% used [0x000000076f500000,0x000000076f500000,0x000000076fb00000)
 ParOldGen       total 173568K, used 1918K [0x00000006c2000000, 0x00000006cc980000, 0x000000076b580000)
  object space 173568K, 1% used [0x00000006c2000000,0x00000006c21dfa80,0x00000006cc980000)
 Metaspace       used 10604K, capacity 10766K, committed 11008K, reserved 1058816K
  class space    used 1126K, capacity 1185K, committed 1280K, reserved 1048576K
Event: 152.659 GC heap after
Heap after GC invocations=10 (full 0):
 PSYoungGen      total 64000K, used 1248K [0x000000076b580000, 0x000000076fb00000, 0x00000007c0000000)
  eden space 57856K, 0% used [0x000000076b580000,0x000000076b580000,0x000000076ee00000)
  from space 6144K, 20% used [0x000000076f500000,0x000000076f638000,0x000000076fb00000)
  to   space 6656K, 0% used [0x000000076ee00000,0x000000076ee00000,0x000000076f480000)
 ParOldGen       total 173568K, used 1934K [0x00000006c2000000, 0x00000006cc980000, 0x000000076b580000)
  object space 173568K, 1% used [0x00000006c2000000,0x00000006c21e3a80,0x00000006cc980000)
 Metaspace       used 10604K, capacity 10766K, committed 11008K, reserved 1058816K
  class space    used 1126K, capacity 1185K, committed 1280K, reserved 1048576K
}

